[debug] [2020-09-16T17:12:38.667Z] ----------------------------------------------------------------------
[debug] [2020-09-16T17:12:38.668Z] Command:       /usr/local/bin/node /usr/local/bin/firebase experimental:functions:shell
[debug] [2020-09-16T17:12:38.669Z] CLI Version:   8.9.0
[debug] [2020-09-16T17:12:38.669Z] Platform:      darwin
[debug] [2020-09-16T17:12:38.669Z] Node Version:  v14.3.0
[debug] [2020-09-16T17:12:38.670Z] Time:          Wed Sep 16 2020 18:12:38 GMT+0100 (British Summer Time)
[debug] [2020-09-16T17:12:38.670Z] ----------------------------------------------------------------------
[debug] [2020-09-16T17:12:38.670Z] 
[debug] [2020-09-16T17:12:38.682Z] > command requires scopes: ["email","openid","https://www.googleapis.com/auth/cloudplatformprojects.readonly","https://www.googleapis.com/auth/firebase","https://www.googleapis.com/auth/cloud-platform"]
[debug] [2020-09-16T17:12:38.683Z] > authorizing via signed-in user
[debug] [2020-09-16T17:12:38.683Z] [iam] checking project nemo-dev-1b0bc for permissions ["firebase.projects.get"]
[debug] [2020-09-16T17:12:38.685Z] > refreshing access token with scopes: ["email","https://www.googleapis.com/auth/cloud-platform","https://www.googleapis.com/auth/cloudplatformprojects.readonly","https://www.googleapis.com/auth/firebase","openid"]
[debug] [2020-09-16T17:12:38.685Z] >>> HTTP REQUEST POST https://www.googleapis.com/oauth2/v3/token  
 <request body omitted>
[debug] [2020-09-16T17:12:38.779Z] <<< HTTP RESPONSE 200 {"content-type":"application/json; charset=utf-8","vary":"X-Origin, Referer, Origin,Accept-Encoding","date":"Wed, 16 Sep 2020 17:12:38 GMT","server":"scaffolding on HTTPServer2","cache-control":"private","x-xss-protection":"0","x-frame-options":"SAMEORIGIN","x-content-type-options":"nosniff","alt-svc":"h3-Q050=\":443\"; ma=2592000,h3-29=\":443\"; ma=2592000,h3-27=\":443\"; ma=2592000,h3-T051=\":443\"; ma=2592000,h3-T050=\":443\"; ma=2592000,h3-Q046=\":443\"; ma=2592000,h3-Q043=\":443\"; ma=2592000,quic=\":443\"; ma=2592000; v=\"46,43\"","accept-ranges":"none","transfer-encoding":"chunked"}
[debug] [2020-09-16T17:12:38.795Z] >>> HTTP REQUEST POST https://cloudresourcemanager.googleapis.com/v1/projects/nemo-dev-1b0bc:testIamPermissions  
 {"permissions":["firebase.projects.get"]}
[debug] [2020-09-16T17:12:39.431Z] <<< HTTP RESPONSE 200 {"content-type":"application/json; charset=UTF-8","vary":"X-Origin, Referer, Origin,Accept-Encoding","date":"Wed, 16 Sep 2020 17:12:39 GMT","server":"ESF","cache-control":"private","x-xss-protection":"0","x-frame-options":"SAMEORIGIN","x-content-type-options":"nosniff","server-timing":"gfet4t7; dur=552","alt-svc":"h3-29=\":443\"; ma=2592000,h3-27=\":443\"; ma=2592000,h3-T051=\":443\"; ma=2592000,h3-T050=\":443\"; ma=2592000,h3-Q050=\":443\"; ma=2592000,h3-Q046=\":443\"; ma=2592000,h3-Q043=\":443\"; ma=2592000,quic=\":443\"; ma=2592000; v=\"46,43\"","accept-ranges":"none","transfer-encoding":"chunked"}
[warn] ⚠  Your requested "node" version "10" doesn't match your global version "14" {"metadata":{"emulator":{"name":"functions"},"message":"Your requested \"node\" version \"10\" doesn't match your global version \"14\""}}
[debug] [2020-09-16T17:12:39.457Z] [functions] Watching "/Users/archibaldruban/Documents/Coding Projects/Nemo - Dating App/nemo/functions" for Cloud Functions...
[debug] [2020-09-16T17:12:39.464Z] DEBUG: [worker-pool] addWorker(~diagnostic~)
[debug] [2020-09-16T17:12:39.465Z] DEBUG: [worker-pool] Adding worker with key ~diagnostic~, total=1
[debug] [2020-09-16T17:12:39.465Z] DEBUG: [worker-pool] submitWork(triggerId=)
[debug] [2020-09-16T17:12:39.465Z] DEBUG: [worker-~diagnostic~-f50f6a84-3247-490d-848a-73c57ad9f984]: Assigning socketPath: /var/folders/kf/pn8vnxyn0ml0wl398c9x4xq00000gn/T/fire_emu_93462.sock
[debug] [2020-09-16T17:12:39.465Z] DEBUG: [worker-~diagnostic~-f50f6a84-3247-490d-848a-73c57ad9f984]: BUSY
[debug] [2020-09-16T17:12:39.704Z] DEBUG: [runtime-status] [93462] Functions runtime initialized. {"cwd":"/Users/archibaldruban/Documents/Coding Projects/Nemo - Dating App/nemo/functions","node_version":"14.3.0"}
[debug] [2020-09-16T17:12:39.705Z] DEBUG: [runtime-status] [93462] Disabled runtime features: undefined
[debug] [2020-09-16T17:12:39.707Z] DEBUG: [runtime-status] [93462] Resolved module firebase-admin {"declared":true,"installed":true,"version":"8.13.0","resolution":"/Users/archibaldruban/Documents/Coding Projects/Nemo - Dating App/nemo/functions/node_modules/firebase-admin/lib/index.js"}
[debug] [2020-09-16T17:12:39.708Z] DEBUG: [runtime-status] [93462] Resolved module firebase-functions {"declared":true,"installed":true,"version":"3.11.0","resolution":"/Users/archibaldruban/Documents/Coding Projects/Nemo - Dating App/nemo/functions/node_modules/firebase-functions/lib/index.js"}
[debug] [2020-09-16T17:12:39.710Z] DEBUG: [runtime-status] [93462] Found local functions config: /Users/archibaldruban/Documents/Coding Projects/Nemo - Dating App/nemo/functions/.runtimeconfig.json
[debug] [2020-09-16T17:12:39.711Z] DEBUG: [runtime-status] [93462] Resolved module firebase-functions {"declared":true,"installed":true,"version":"3.11.0","resolution":"/Users/archibaldruban/Documents/Coding Projects/Nemo - Dating App/nemo/functions/node_modules/firebase-functions/lib/index.js"}
[debug] [2020-09-16T17:12:39.712Z] DEBUG: [runtime-status] [93462] Outgoing network have been stubbed. [{"name":"http","status":"mocked"},{"name":"http","status":"mocked"},{"name":"https","status":"mocked"},{"name":"https","status":"mocked"},{"name":"net","status":"mocked"}]
[debug] [2020-09-16T17:12:39.712Z] DEBUG: [runtime-status] [93462] Resolved module firebase-functions {"declared":true,"installed":true,"version":"3.11.0","resolution":"/Users/archibaldruban/Documents/Coding Projects/Nemo - Dating App/nemo/functions/node_modules/firebase-functions/lib/index.js"}
[debug] [2020-09-16T17:12:39.761Z] DEBUG: [runtime-status] [93462] Checked functions.config() {"config":{}}
[debug] [2020-09-16T17:12:39.761Z] DEBUG: [runtime-status] [93462] firebase-functions has been stubbed. {"functionsResolution":{"declared":true,"installed":true,"version":"3.11.0","resolution":"/Users/archibaldruban/Documents/Coding Projects/Nemo - Dating App/nemo/functions/node_modules/firebase-functions/lib/index.js"}}
[debug] [2020-09-16T17:12:39.762Z] DEBUG: [runtime-status] [93462] Resolved module firebase-functions {"declared":true,"installed":true,"version":"3.11.0","resolution":"/Users/archibaldruban/Documents/Coding Projects/Nemo - Dating App/nemo/functions/node_modules/firebase-functions/lib/index.js"}
[debug] [2020-09-16T17:12:39.763Z] DEBUG: [runtime-status] [93462] Resolved module firebase-admin {"declared":true,"installed":true,"version":"8.13.0","resolution":"/Users/archibaldruban/Documents/Coding Projects/Nemo - Dating App/nemo/functions/node_modules/firebase-admin/lib/index.js"}
[debug] [2020-09-16T17:12:39.763Z] DEBUG: [runtime-status] [93462] Resolved module firebase-functions {"declared":true,"installed":true,"version":"3.11.0","resolution":"/Users/archibaldruban/Documents/Coding Projects/Nemo - Dating App/nemo/functions/node_modules/firebase-functions/lib/index.js"}
[debug] [2020-09-16T17:12:39.763Z] DEBUG: [runtime-status] [93462] firebase-admin has been stubbed. {"adminResolution":{"declared":true,"installed":true,"version":"8.13.0","resolution":"/Users/archibaldruban/Documents/Coding Projects/Nemo - Dating App/nemo/functions/node_modules/firebase-admin/lib/index.js"}}
[warn] ⚠  Error: Cannot find module '/Users/archibaldruban/Documents/Coding Projects/Nemo - Dating App/nemo/functions/lib/index.js'. Please verify that the package.json has a valid "main" entry
    at tryPackage (internal/modules/cjs/loader.js:328:19)
    at Function.Module._findPath (internal/modules/cjs/loader.js:689:18)
    at Function.Module._resolveFilename (internal/modules/cjs/loader.js:1016:27)
    at Function.Module._load (internal/modules/cjs/loader.js:898:27)
    at Module.require (internal/modules/cjs/loader.js:1089:19)
    at require (internal/modules/cjs/helpers.js:73:18)
    at /usr/local/lib/node_modules/firebase-tools/lib/emulator/functionsEmulatorRuntime.js:681:33
    at Generator.next (<anonymous>)
    at fulfilled (/usr/local/lib/node_modules/firebase-tools/lib/emulator/functionsEmulatorRuntime.js:5:58)
    at processTicksAndRejections (internal/process/task_queues.js:97:5) {"metadata":{"emulator":{"name":"functions"},"message":"Error: Cannot find module '/Users/archibaldruban/Documents/Coding Projects/Nemo - Dating App/nemo/functions/lib/index.js'. Please verify that the package.json has a valid \"main\" entry\n    at tryPackage (internal/modules/cjs/loader.js:328:19)\n    at Function.Module._findPath (internal/modules/cjs/loader.js:689:18)\n    at Function.Module._resolveFilename (internal/modules/cjs/loader.js:1016:27)\n    at Function.Module._load (internal/modules/cjs/loader.js:898:27)\n    at Module.require (internal/modules/cjs/loader.js:1089:19)\n    at require (internal/modules/cjs/helpers.js:73:18)\n    at /usr/local/lib/node_modules/firebase-tools/lib/emulator/functionsEmulatorRuntime.js:681:33\n    at Generator.next (<anonymous>)\n    at fulfilled (/usr/local/lib/node_modules/firebase-tools/lib/emulator/functionsEmulatorRuntime.js:5:58)\n    at processTicksAndRejections (internal/process/task_queues.js:97:5)"}}
[warn] ⚠  We were unable to load your functions code. (see above)
   - It appears your code is written in Typescript, which must be compiled before emulation.
   - You may be able to run "npm run build" in your functions directory to resolve this. {"metadata":{"emulator":{"name":"functions"}}}
[debug] [2020-09-16T17:12:39.784Z] DEBUG: [worker-~diagnostic~-f50f6a84-3247-490d-848a-73c57ad9f984]: exited
[debug] [2020-09-16T17:12:39.784Z] DEBUG: [worker-~diagnostic~-f50f6a84-3247-490d-848a-73c57ad9f984]: FINISHED
